<?xml version="1.0" encoding="UTF-8"?>
<testng-results skipped="0" failed="1" total="2" passed="1">
  <reporter-output>
  </reporter-output>
  <suite name="Default suite" duration-ms="44047" started-at="2018-10-16T10:43:24Z" finished-at="2018-10-16T10:44:08Z">
    <groups>
    </groups>
    <test name="Default test" duration-ms="44047" started-at="2018-10-16T10:43:24Z" finished-at="2018-10-16T10:44:08Z">
      <class name="com.tests.PHPtravelTest">
        <test-method status="PASS" signature="openTheApplication()[pri:0, instance:com.tests.PHPtravelTest@8a9f61]" name="openTheApplication" is-config="true" duration-ms="3717" started-at="2018-10-16T16:13:24Z" finished-at="2018-10-16T16:13:28Z">
          <reporter-output>
          </reporter-output>
        </test-method> <!-- openTheApplication -->
        <test-method status="PASS" signature="validAdminTest()[pri:0, instance:com.tests.PHPtravelTest@8a9f61]" name="validAdminTest" duration-ms="29804" started-at="2018-10-16T16:13:28Z" finished-at="2018-10-16T16:13:58Z">
          <reporter-output>
          </reporter-output>
        </test-method> <!-- validAdminTest -->
        <test-method status="FAIL" signature="validemailaddress()[pri:0, instance:com.tests.PHPtravelTest@8a9f61]" name="validemailaddress" duration-ms="10364" started-at="2018-10-16T16:13:58Z" finished-at="2018-10-16T16:14:08Z">
          <exception class="java.lang.AssertionError">
            <message>
              <![CDATA[expected [LoginPage] but found [Administator Login]]]>
            </message>
            <full-stacktrace>
              <![CDATA[java.lang.AssertionError: expected [LoginPage] but found [Administator Login]
	at org.testng.Assert.fail(Assert.java:94)
	at org.testng.Assert.failNotEquals(Assert.java:494)
	at org.testng.Assert.assertEquals(Assert.java:123)
	at org.testng.Assert.assertEquals(Assert.java:176)
	at org.testng.Assert.assertEquals(Assert.java:186)
	at com.tests.PHPtravelTest.validemailaddress(PHPtravelTest.java:61)
	at sun.reflect.NativeMethodAccessorImpl.invoke0(Native Method)
	at sun.reflect.NativeMethodAccessorImpl.invoke(Unknown Source)
	at sun.reflect.DelegatingMethodAccessorImpl.invoke(Unknown Source)
	at java.lang.reflect.Method.invoke(Unknown Source)
	at org.testng.internal.MethodInvocationHelper.invokeMethod(MethodInvocationHelper.java:84)
	at org.testng.internal.Invoker.invokeMethod(Invoker.java:714)
	at org.testng.internal.Invoker.invokeTestMethod(Invoker.java:901)
	at org.testng.internal.Invoker.invokeTestMethods(Invoker.java:1231)
	at org.testng.internal.TestMethodWorker.invokeTestMethods(TestMethodWorker.java:127)
	at org.testng.internal.TestMethodWorker.run(TestMethodWorker.java:111)
	at org.testng.TestRunner.privateRun(TestRunner.java:767)
	at org.testng.TestRunner.run(TestRunner.java:617)
	at org.testng.SuiteRunner.runTest(SuiteRunner.java:348)
	at org.testng.SuiteRunner.runSequentially(SuiteRunner.java:343)
	at org.testng.SuiteRunner.privateRun(SuiteRunner.java:305)
	at org.testng.SuiteRunner.run(SuiteRunner.java:254)
	at org.testng.SuiteRunnerWorker.runSuite(SuiteRunnerWorker.java:52)
	at org.testng.SuiteRunnerWorker.run(SuiteRunnerWorker.java:86)
	at org.testng.TestNG.runSuitesSequentially(TestNG.java:1224)
	at org.testng.TestNG.runSuitesLocally(TestNG.java:1149)
	at org.testng.TestNG.run(TestNG.java:1057)
	at org.testng.remote.AbstractRemoteTestNG.run(AbstractRemoteTestNG.java:114)
	at org.testng.remote.RemoteTestNG.initAndRun(RemoteTestNG.java:251)
	at org.testng.remote.RemoteTestNG.main(RemoteTestNG.java:77)
]]>
            </full-stacktrace>
          </exception> <!-- java.lang.AssertionError -->
          <reporter-output>
          </reporter-output>
        </test-method> <!-- validemailaddress -->
        <test-method status="PASS" signature="closeTheApplication()[pri:0, instance:com.tests.PHPtravelTest@8a9f61]" name="closeTheApplication" is-config="true" duration-ms="143" started-at="2018-10-16T16:14:08Z" finished-at="2018-10-16T16:14:08Z">
          <reporter-output>
          </reporter-output>
        </test-method> <!-- closeTheApplication -->
      </class> <!-- com.tests.PHPtravelTest -->
    </test> <!-- Default test -->
  </suite> <!-- Default suite -->
</testng-results>
